<?xml version="1.0" encoding="UTF-8"?>
<testng-results skipped="0" failed="0" ignored="0" total="1" passed="1">
  <reporter-output>
    <line>
      <![CDATA[Bhanuhttp://www.olx.comBhanu]]>
    </line>
  </reporter-output>
  <suite name="Suite" duration-ms="9804" started-at="2018-01-31T13:22:33Z" finished-at="2018-01-31T13:22:43Z">
    <groups>
    </groups>
    <test name="Test" duration-ms="9804" started-at="2018-01-31T13:22:33Z" finished-at="2018-01-31T13:22:43Z">
      <class name="qsp.Demo">
        <test-method status="PASS" signature="testA(java.lang.String)[pri:0, instance:qsp.Demo@2d6e8792]" name="testA" duration-ms="9725" started-at="2018-01-31T18:52:33Z" finished-at="2018-01-31T18:52:43Z">
          <params>
            <param index="0">
              <value>
                <![CDATA[http://www.olx.com]]>
              </value>
            </param>
          </params>
          <reporter-output>
            <line>
              <![CDATA[Bhanuhttp://www.olx.comBhanu]]>
            </line>
          </reporter-output>
        </test-method> <!-- testA -->
      </class> <!-- qsp.Demo -->
    </test> <!-- Test -->
  </suite> <!-- Suite -->
</testng-results>
