<?xml version="1.0" encoding="UTF-8"?>
<testng-results skipped="0" failed="0" ignored="0" total="1" passed="1">
  <reporter-output>
  </reporter-output>
  <suite name="Suite" duration-ms="14263" started-at="2018-01-31T12:17:28Z" finished-at="2018-01-31T12:17:43Z">
    <groups>
    </groups>
    <test name="Test" duration-ms="14263" started-at="2018-01-31T12:17:28Z" finished-at="2018-01-31T12:17:43Z">
      <class name="qsp.Demo">
        <test-method status="PASS" signature="testA(java.lang.String)[pri:0, instance:qsp.Demo@51efea79]" name="testA" duration-ms="14187" started-at="2018-01-31T17:47:28Z" finished-at="2018-01-31T17:47:43Z">
          <params>
            <param index="0">
              <value>
                <![CDATA[http://www.gmail.com]]>
              </value>
            </param>
          </params>
          <reporter-output>
          </reporter-output>
        </test-method> <!-- testA -->
      </class> <!-- qsp.Demo -->
    </test> <!-- Test -->
  </suite> <!-- Suite -->
</testng-results>
